<=========================================================>
<=================>    BUG LOG HEADER   <=================>
<=========================================================>
Assignment:
    MP3
CheckPoint:
    CP1
CreateTime:
    2022.10.15

<--------------------------------------------------------->
                          BUG 0                          
<--------------------------------------------------------->
Time:
    2022.10.15.
Creator:
    JIE WANG.
Description:
    Keyboard can't connect to the PIC.
Solution:
    1. call keyboard_init() in kernel.c
    2. construct handler_linkage in x86
    3. SET_IDT_ENTRY at idt.c


<--------------------------------------------------------->
                          BUG 1                          
<--------------------------------------------------------->
Time:
    2022.10.15.
Creator:
    Gabriel Gao.
Description:
    After we finish GTD and IDT, when we try to boot our kernel, there is a infinite loop in the start page. We cannot 
    boot successfully. We do not initiliza and load IDT inside the boot.S.
Solution:
    Just call the idt_init function in idt.c to initialize the idt and lidt the idt_desc_ptr


<--------------------------------------------------------->
                          BUG 2                         
<--------------------------------------------------------->
Time:
    2022.10.16.
Creator:
    JIE WANG.
Description:
    PIC can't connect to the RTC, only 1 times interrupt
Solution:
    The send_eoi function of PIC has a bug:
    I forget to minus 8 for slave irq_num.
    After finishing it, it's fine

<--------------------------------------------------------->
                          BUG 3                          
<--------------------------------------------------------->
Time:
    2022.10.17.
Creator:
    JIE WANG.
Description:
    The keyboard has already connect to the PIC, but can't
    output value.
Solution:
    The scancode set is wrong, with some shifting problem.
    I asked TA, and construct a new scancode set refering to
    the Intel X30 mannul

<--------------------------------------------------------->
                          BUG 4                          
<--------------------------------------------------------->
Time:
    2022.10.17.
Creator:
    JIE WANG.
Description:
    Sometimes, I can't boot my OS,it says: .
Solution:
    Most likely it's an issue with windows messing around 
    with the line endings of debug.sh
    1. dos2unix debug.sh
    2. chmod +x debug.sh

<--------------------------------------------------------->
                          BUG 5                          
<--------------------------------------------------------->
Time:
    2022.10.17.
Creator:
    Gabriel Gao
Description:
    The RTC interrupt just run once. The problem is that after the interrupt, we use the wrong Register C value. We add 
    the NMI_MASK into the outb function. 
Solution:
    Remove the mask of the Register C.
    Old:     outb(RTC_C_OFFSET | NMI_MASK, RTC_PORT_INDEX);
    Correct: outb(RTC_C_OFFSET, RTC_PORT_INDEX);

<--------------------------------------------------------->
                          BUG 6                          
<--------------------------------------------------------->
Time:
    2022.10.17.
Creator:
    JIE WANG.
Description:
    The keyboard can't continuously enter the interrupt,
    when it release, it will bring an empty space.
Solution:
    I specify the key-value field first.
    And I ignore the release key interrupt
    so it works fine

<--------------------------------------------------------->
                          BUG 7                         
<--------------------------------------------------------->
Time:
    2022.10.15.
Creator:
    YIMING ZHAO.
Description:
    Keyboard interrupt invoked exception due to incorrect
    IDT mapping and mix use hex and decimal for idt index
Solution:
    change the idt index of keyboard interrupt to hexadecimal

<--------------------------------------------------------->
                          BUG 8                         
<--------------------------------------------------------->
Time:
    2022.10.16.
Creator:
    YIMING ZHAO.
Description:
    Interrupts from keyboard and RTC cause general protection fault
    exception
Solution:
    I have to set the corresponding interrupt handler's reserved3
    to 0 when initializing the IDT

