<=========================================================>
<=================>    BUG LOG HEADER   <=================>
<=========================================================>
Assignment:
    MP3
CheckPoint:
    CP5
CreateTime:
    2022.11.17

# Final Checkpoint!

## Target: 
- [ ] Multiple terminal 
- [ ] Scheduling

<--------------------------------------------------------->
                          BUG 0                          
<--------------------------------------------------------->
Time:
    2022.11.19.
Creator:
    Tony Wang.
Description:
    Realized color output
    Bug: colored output can't scolling -> the attribe behind it!.
Solution:
    TODO: Add a new scoll and printf function, to intergrate the color 


