<=========================================================>
<=================>    BUG LOG HEADER   <=================>
<=========================================================>
Assignment:
    MP3
CheckPoint:
    CP2
CreateTime:
    2022.10.21

<--------------------------------------------------------->
                          BUG 0                          
<--------------------------------------------------------->
Time:
    2022.10.21.
Creator:
    JIE WANG.
Description:
    Keyboard:  symbol ' and backspace is wrong
Solution:
    the mapping of single quate is wrong, since there is some C syntax difference,
    I use a macro #define to record its correct ascii value.
