<=========================================================>
<=================>    BUG LOG HEADER   <=================>
<=========================================================>
Assignment:
    MP3
CheckPoint:
    CP3
CreateTime:
    2022.10.26

Work Split




<--------------------------------------------------------->
                          BUG 0                          
<--------------------------------------------------------->
Time:
    2022.10.26.
Creator:
    Tony.
Description:
    .
Solution:
    ....
